<?xml version="1.0" encoding="UTF-8"?>
<!-- Generated by org.testng.reporters.JUnitXMLReporter -->
<testsuite ignored="0" hostname="DESKTOP-OAE8NTV" failures="1" tests="7" name="Test" time="0.1" errors="0" timestamp="2023-03-17T19:45:36 IST">
  <testcase classname="TestngScripts.Juice" name="Apple" time="0.016">
    <failure type="java.lang.AssertionError" message="null">
      <![CDATA[java.lang.AssertionError: null
at TestngScripts.Juice.Apple(Juice.java:18)
at java.base/java.util.ArrayList.forEach(ArrayList.java:1511)
... Removed 27 stack frames]]>
    </failure>
  </testcase> <!-- Apple -->
  <testcase classname="TestngScripts.Juice" name="Fruit" time="0.002"/>
  <testcase classname="TestngScripts.TestngScript1" name="deleteCust" time="0.003"/>
  <testcase classname="TestngScripts.TestngScript1" name="createCust" time="0.002"/>
  <testcase classname="TestngScripts.TestngScript1" name="createCust" time="0.002"/>
  <testcase classname="TestngScripts.TestngScript1" name="createCust" time="0.003"/>
  <testcase classname="TestngScripts.TestngScript1" name="modityCust" time="0.003"/>
</testsuite> <!-- Test -->
