<?xml version="1.0" encoding="UTF-8"?>
<!-- Generated by org.testng.reporters.JUnitXMLReporter -->
<testsuite ignored="1" hostname="Omkar-Cha-PC" failures="0" tests="4" name="Default test" time="0.083" errors="0" timestamp="2023-04-01T20:42:56 IST">
  <testcase classname="TestngScripts.TestngScript1" name="createCust" time="0.016"/>
  <testcase classname="TestngScripts.TestngScript1" name="createCust" time="0.002"/>
  <testcase classname="TestngScripts.TestngScript1" name="createCust" time="0.002"/>
  <testcase classname="TestngScripts.TestngScript1" name="modityCust" time="0.003"/>
  <testcase classname="TestngScripts.TestngScript1" name="deleteCust" time="0.0">
    <ignored/>
  </testcase> <!-- deleteCust -->
</testsuite> <!-- Default test -->
