<?xml version="1.0" encoding="UTF-8"?>
<testng-results ignored="1" total="5" passed="4" failed="0" skipped="0">
  <reporter-output>
    <line>
      <![CDATA[customer created succesfully]]>
    </line>
    <line>
      <![CDATA[customer created succesfully]]>
    </line>
    <line>
      <![CDATA[customer created succesfully]]>
    </line>
    <line>
      <![CDATA[customer modified]]>
    </line>
  </reporter-output>
  <suite started-at="2023-04-01T20:42:55 IST" name="Default suite" finished-at="2023-04-01T20:42:56 IST" duration-ms="83">
    <groups>
    </groups>
    <test started-at="2023-04-01T20:42:55 IST" name="Default test" finished-at="2023-04-01T20:42:56 IST" duration-ms="83">
      <class name="TestngScripts.TestngScript1">
        <test-method signature="createCust()[pri:2, instance:TestngScripts.TestngScript1@63021689]" started-at="2023-04-01T20:42:56 IST" name="createCust" finished-at="2023-04-01T20:42:56 IST" duration-ms="16" status="PASS">
          <reporter-output>
            <line>
              <![CDATA[customer created succesfully]]>
            </line>
          </reporter-output>
        </test-method> <!-- createCust -->
        <test-method signature="createCust()[pri:2, instance:TestngScripts.TestngScript1@63021689]" started-at="2023-04-01T20:42:56 IST" name="createCust" finished-at="2023-04-01T20:42:56 IST" duration-ms="2" status="PASS">
          <reporter-output>
            <line>
              <![CDATA[customer created succesfully]]>
            </line>
          </reporter-output>
        </test-method> <!-- createCust -->
        <test-method signature="createCust()[pri:2, instance:TestngScripts.TestngScript1@63021689]" started-at="2023-04-01T20:42:56 IST" name="createCust" finished-at="2023-04-01T20:42:56 IST" duration-ms="2" status="PASS">
          <reporter-output>
            <line>
              <![CDATA[customer created succesfully]]>
            </line>
          </reporter-output>
        </test-method> <!-- createCust -->
        <test-method signature="modityCust()[pri:3, instance:TestngScripts.TestngScript1@63021689]" started-at="2023-04-01T20:42:56 IST" name="modityCust" finished-at="2023-04-01T20:42:56 IST" duration-ms="3" status="PASS">
          <reporter-output>
            <line>
              <![CDATA[customer modified]]>
            </line>
          </reporter-output>
        </test-method> <!-- modityCust -->
      </class> <!-- TestngScripts.TestngScript1 -->
    </test> <!-- Default test -->
  </suite> <!-- Default suite -->
</testng-results>
